[debug] [2023-04-16T23:24:59.144Z] ----------------------------------------------------------------------
[debug] [2023-04-16T23:24:59.146Z] Command:       D:\node.exe C:\Users\lxc\AppData\Roaming\npm\node_modules\firebase-tools\lib\bin\firebase.js deploy
[debug] [2023-04-16T23:24:59.146Z] CLI Version:   11.27.0
[debug] [2023-04-16T23:24:59.146Z] Platform:      win32
[debug] [2023-04-16T23:24:59.147Z] Node Version:  v18.16.0
[debug] [2023-04-16T23:24:59.148Z] Time:          Mon Apr 17 2023 07:24:59 GMT+0800 (中国标准时间)
[debug] [2023-04-16T23:24:59.148Z] ----------------------------------------------------------------------
[debug] 
[debug] [2023-04-16T23:24:59.212Z] > command requires scopes: ["email","openid","https://www.googleapis.com/auth/cloudplatformprojects.readonly","https://www.googleapis.com/auth/firebase","https://www.googleapis.com/auth/cloud-platform"]
[debug] [2023-04-16T23:24:59.213Z] > authorizing via signed-in user (lxc3136@gmail.com)
[debug] [2023-04-16T23:24:59.213Z] [iam] checking project chatapp-9d2f3 for permissions ["firebase.projects.get","firebasehosting.sites.update"]
[debug] [2023-04-16T23:24:59.214Z] > refreshing access token with scopes: []
[debug] [2023-04-16T23:24:59.215Z] >>> [apiv2][query] POST https://www.googleapis.com/oauth2/v3/token [none]
[debug] [2023-04-16T23:24:59.215Z] >>> [apiv2][body] POST https://www.googleapis.com/oauth2/v3/token [omitted]
[debug] [2023-04-16T23:25:20.316Z] [iam] error while checking permissions, command may fail: FirebaseError: Authentication Error: Your credentials are no longer valid. Please run firebase login --reauth

For CI servers and headless environments, generate a new token with firebase login:ci
[debug] [2023-04-16T23:25:20.317Z] > refreshing access token with scopes: []
[debug] [2023-04-16T23:25:20.317Z] >>> [apiv2][query] POST https://www.googleapis.com/oauth2/v3/token [none]
[debug] [2023-04-16T23:25:20.317Z] >>> [apiv2][body] POST https://www.googleapis.com/oauth2/v3/token [omitted]
[debug] [2023-04-16T23:25:41.675Z] ----------------------------------------------------------------------
[debug] [2023-04-16T23:25:41.677Z] Command:       D:\node.exe C:\Users\lxc\AppData\Roaming\npm\node_modules\firebase-tools\lib\bin\firebase.js deploy
[debug] [2023-04-16T23:25:41.677Z] CLI Version:   11.27.0
[debug] [2023-04-16T23:25:41.678Z] Platform:      win32
[debug] [2023-04-16T23:25:41.678Z] Node Version:  v18.16.0
[debug] [2023-04-16T23:25:41.679Z] Time:          Mon Apr 17 2023 07:25:41 GMT+0800 (中国标准时间)
[debug] [2023-04-16T23:25:41.679Z] ----------------------------------------------------------------------
[debug] 
[debug] [2023-04-16T23:25:41.737Z] > command requires scopes: ["email","openid","https://www.googleapis.com/auth/cloudplatformprojects.readonly","https://www.googleapis.com/auth/firebase","https://www.googleapis.com/auth/cloud-platform"]
[debug] [2023-04-16T23:25:41.737Z] > authorizing via signed-in user (lxc3136@gmail.com)
[debug] [2023-04-16T23:25:41.737Z] [iam] checking project chatapp-9d2f3 for permissions ["firebase.projects.get","firebasehosting.sites.update"]
[debug] [2023-04-16T23:25:41.739Z] > refreshing access token with scopes: []
[debug] [2023-04-16T23:25:41.740Z] >>> [apiv2][query] POST https://www.googleapis.com/oauth2/v3/token [none]
[debug] [2023-04-16T23:25:41.740Z] >>> [apiv2][body] POST https://www.googleapis.com/oauth2/v3/token [omitted]
